<?xml version='1.0'?>
<ns2:test-suite xmlns:ns2='urn:model.allure.qatools.yandex.ru' start='1701224729025' stop='1701225094372'>
    <name>Order mobil baru pembayaran DP e-wallet @sit @uat</name>
    <title>Order mobil baru pembayaran DP e-wallet @sit @uat</title>
    <test-cases>
        <test-case start='1701224729027' status='failed' stop='1701224911934'>
            <name>TDA-872- Sebagai Customer, saya dapat melakukan pembayaran transaksi Mobil baru Metode Cicilan dengan menggunakan payment Ewallet DANA @sit @uat</name>
            <title>TDA-872- Sebagai Customer, saya dapat melakukan pembayaran transaksi Mobil baru Metode Cicilan dengan menggunakan payment Ewallet DANA @sit @uat</title>
            <labels>
                <label name='language' value='javascript'/>
                <label name='framework' value='wdio'/>
                <label name='thread' value='0-0'/>
            </labels>
            <parameters>
                <parameter kind='argument' name='device' value='fed63b7c 13-13'/>
            </parameters>
            <steps/>
            <attachments>
                <attachment title='Screenshot' source='e1360922-8f27-433a-8453-ae602a05d2c2-attachment.png' type='image/png' size='560386'/>
            </attachments>
            <failure>
                <message>CompoundError: One or more errors occurred. ---
                
                    Error: element ("android=resourceId("com.android.permissioncontroller:id/permission_allow_foreground_only_button")") still not displayed after 90000ms
                        at async BaseScreen.verifyHomepageNonSticky (G:\tfs\latest\wdio-android-auto2000\tests\screenobjects\base.screenobject.ts:40:9)
                        at async UserContext.&lt;anonymous> (G:\tfs\latest\wdio-android-auto2000\tests\scenarios\SectionKategori\MobilBaru\app.orderNewCarCicilan.ts:46:9)
                --- End of stack trace ---
                
                    Error: Can't call click on element with selector "android=text("Ajukan cicilan mobil")" because element wasn't found
                        at async orderMobilbaru.actionPembayaranCicilanForEwallet (G:\tfs\latest\wdio-android-auto2000\tests\screenobjects\mobilbaruOrderCar.ts:342:9)
                        at async UserContext.&lt;anonymous> (G:\tfs\latest\wdio-android-auto2000\tests\scenarios\SectionKategori\MobilBaru\app.orderNewCarCicilan.ts:60:9)
                --- End of stack trace ---
                </message>
                <stack-trace>Error: CompoundError: One or more errors occurred. ---
                
                    Error: element ("android=resourceId("com.android.permissioncontroller:id/permission_allow_foreground_only_button")") still not displayed after 90000ms
                        at async BaseScreen.verifyHomepageNonSticky (G:\tfs\latest\wdio-android-auto2000\tests\screenobjects\base.screenobject.ts:40:9)
                        at async UserContext.&lt;anonymous> (G:\tfs\latest\wdio-android-auto2000\tests\scenarios\SectionKategori\MobilBaru\app.orderNewCarCicilan.ts:46:9)
                --- End of stack trace ---
                
                    Error: Can't call click on element with selector "android=text("Ajukan cicilan mobil")" because element wasn't found
                        at async orderMobilbaru.actionPembayaranCicilanForEwallet (G:\tfs\latest\wdio-android-auto2000\tests\screenobjects\mobilbaruOrderCar.ts:342:9)
                        at async UserContext.&lt;anonymous> (G:\tfs\latest\wdio-android-auto2000\tests\scenarios\SectionKategori\MobilBaru\app.orderNewCarCicilan.ts:60:9)
                --- End of stack trace ---
                
                    at getErrorFromFailedTest (G:\tfs\latest\wdio-android-auto2000\node_modules\@wdio\allure-reporter\build\utils.js:82:60)
                    at AllureReporter.onTestFail (G:\tfs\latest\wdio-android-auto2000\node_modules\@wdio\allure-reporter\build\index.js:253:73)
                    at AllureReporter.&lt;anonymous> (G:\tfs\latest\wdio-android-auto2000\node_modules\@wdio\reporter\build\index.js:121:18)
                    at AllureReporter.emit (node:events:513:28)
                    at AllureReporter.emit (node:domain:489:12)
                    at G:\tfs\latest\wdio-android-auto2000\node_modules\@wdio\runner\build\reporter.js:36:56
                    at Array.forEach (&lt;anonymous>)
                    at BaseReporter.emit (G:\tfs\latest\wdio-android-auto2000\node_modules\@wdio\runner\build\reporter.js:36:25)
                    at JasmineReporter.emit (G:\tfs\latest\wdio-android-auto2000\node_modules\@wdio\jasmine-framework\build\reporter.js:152:24)
                    at JasmineReporter.specDone (G:\tfs\latest\wdio-android-auto2000\node_modules\@wdio\jasmine-framework\build\reporter.js:85:14)</stack-trace>
            </failure>
        </test-case>
        <test-case start='1701224911944' status='failed' stop='1701225094369'>
            <name>TDA-874- Sebagai Customer, saya dapat melakukan pembayaran transaksi Mobil baru Metode Cicilan dengan menggunakan payment Ewallet Shopee @sit @uat</name>
            <title>TDA-874- Sebagai Customer, saya dapat melakukan pembayaran transaksi Mobil baru Metode Cicilan dengan menggunakan payment Ewallet Shopee @sit @uat</title>
            <labels>
                <label name='language' value='javascript'/>
                <label name='framework' value='wdio'/>
                <label name='thread' value='0-0'/>
            </labels>
            <parameters>
                <parameter kind='argument' name='device' value='fed63b7c 13-13'/>
            </parameters>
            <steps/>
            <attachments>
                <attachment title='Screenshot' source='5ef87fc9-5ed9-4942-bfc2-e1f83d8fb46a-attachment.png' type='image/png' size='559827'/>
            </attachments>
            <failure>
                <message>CompoundError: One or more errors occurred. ---
                
                    Error: element ("android=resourceId("com.android.permissioncontroller:id/permission_allow_foreground_only_button")") still not displayed after 90000ms
                        at async BaseScreen.verifyHomepageNonSticky (G:\tfs\latest\wdio-android-auto2000\tests\screenobjects\base.screenobject.ts:40:9)
                        at async UserContext.&lt;anonymous> (G:\tfs\latest\wdio-android-auto2000\tests\scenarios\SectionKategori\MobilBaru\app.orderNewCarCicilan.ts:46:9)
                --- End of stack trace ---
                
                    Error: Can't call click on element with selector "android=text("Ajukan cicilan mobil")" because element wasn't found
                        at async orderMobilbaru.actionPembayaranCicilanForEwallet (G:\tfs\latest\wdio-android-auto2000\tests\screenobjects\mobilbaruOrderCar.ts:342:9)
                        at async UserContext.&lt;anonymous> (G:\tfs\latest\wdio-android-auto2000\tests\scenarios\SectionKategori\MobilBaru\app.orderNewCarCicilan.ts:66:9)
                --- End of stack trace ---
                </message>
                <stack-trace>Error: CompoundError: One or more errors occurred. ---
                
                    Error: element ("android=resourceId("com.android.permissioncontroller:id/permission_allow_foreground_only_button")") still not displayed after 90000ms
                        at async BaseScreen.verifyHomepageNonSticky (G:\tfs\latest\wdio-android-auto2000\tests\screenobjects\base.screenobject.ts:40:9)
                        at async UserContext.&lt;anonymous> (G:\tfs\latest\wdio-android-auto2000\tests\scenarios\SectionKategori\MobilBaru\app.orderNewCarCicilan.ts:46:9)
                --- End of stack trace ---
                
                    Error: Can't call click on element with selector "android=text("Ajukan cicilan mobil")" because element wasn't found
                        at async orderMobilbaru.actionPembayaranCicilanForEwallet (G:\tfs\latest\wdio-android-auto2000\tests\screenobjects\mobilbaruOrderCar.ts:342:9)
                        at async UserContext.&lt;anonymous> (G:\tfs\latest\wdio-android-auto2000\tests\scenarios\SectionKategori\MobilBaru\app.orderNewCarCicilan.ts:66:9)
                --- End of stack trace ---
                
                    at getErrorFromFailedTest (G:\tfs\latest\wdio-android-auto2000\node_modules\@wdio\allure-reporter\build\utils.js:82:60)
                    at AllureReporter.onTestFail (G:\tfs\latest\wdio-android-auto2000\node_modules\@wdio\allure-reporter\build\index.js:253:73)
                    at AllureReporter.&lt;anonymous> (G:\tfs\latest\wdio-android-auto2000\node_modules\@wdio\reporter\build\index.js:121:18)
                    at AllureReporter.emit (node:events:513:28)
                    at AllureReporter.emit (node:domain:489:12)
                    at G:\tfs\latest\wdio-android-auto2000\node_modules\@wdio\runner\build\reporter.js:36:56
                    at Array.forEach (&lt;anonymous>)
                    at BaseReporter.emit (G:\tfs\latest\wdio-android-auto2000\node_modules\@wdio\runner\build\reporter.js:36:25)
                    at JasmineReporter.emit (G:\tfs\latest\wdio-android-auto2000\node_modules\@wdio\jasmine-framework\build\reporter.js:152:24)
                    at JasmineReporter.specDone (G:\tfs\latest\wdio-android-auto2000\node_modules\@wdio\jasmine-framework\build\reporter.js:85:14)</stack-trace>
            </failure>
        </test-case>
    </test-cases>
</ns2:test-suite>