<?xml version='1.0'?>
<ns2:test-suite xmlns:ns2='urn:model.allure.qatools.yandex.ru' start='1700727645534' stop='1700727945227'>
    <name>Beli Mobil Baru menggunakan pembayaran Tunai</name>
    <title>Beli Mobil Baru menggunakan pembayaran Tunai</title>
    <test-cases>
        <test-case start='1700727645535' status='failed' stop='1700727764181'>
            <name>TDA-1107 - sebagai user saya dapat upload foto KTP pemesanan mobil baru @uat @sit</name>
            <title>TDA-1107 - sebagai user saya dapat upload foto KTP pemesanan mobil baru @uat @sit</title>
            <labels>
                <label name='language' value='javascript'/>
                <label name='framework' value='wdio'/>
                <label name='thread' value='0-0'/>
            </labels>
            <parameters>
                <parameter kind='argument' name='device' value='fed63b7c 13-13'/>
            </parameters>
            <steps/>
            <attachments>
                <attachment title='Screenshot' source='24f61695-21bb-49df-8d61-42bb279e1e17-attachment.png' type='image/png' size='558452'/>
            </attachments>
            <failure>
                <message>Error: The element '[object Object]' could not be found or is not visible.</message>
                <stack-trace>Error: The element '[object Object]' could not be found or is not visible.
                    at Function.checkIfDisplayedWithSwipeUp (G:\tfs\latest\wdio-android-auto2000\tests\helpers\Gestures.ts:61:19)
                    at processTicksAndRejections (node:internal/process/task_queues:95:5)
                    at async Function.checkIfDisplayedWithSwipeUp (G:\tfs\latest\wdio-android-auto2000\tests\helpers\Gestures.ts:58:13)
                    at async Function.checkIfDisplayedWithSwipeUp (G:\tfs\latest\wdio-android-auto2000\tests\helpers\Gestures.ts:58:13)
                    at async Function.checkIfDisplayedWithSwipeUp (G:\tfs\latest\wdio-android-auto2000\tests\helpers\Gestures.ts:58:13)
                    at async Function.checkIfDisplayedWithSwipeUp (G:\tfs\latest\wdio-android-auto2000\tests\helpers\Gestures.ts:58:13)
                    at async Function.checkIfDisplayedWithSwipeUp (G:\tfs\latest\wdio-android-auto2000\tests\helpers\Gestures.ts:58:13)
                    at async Function.checkIfDisplayedWithSwipeUp (G:\tfs\latest\wdio-android-auto2000\tests\helpers\Gestures.ts:58:13)
                    at async Function.checkIfDisplayedWithSwipeUp (G:\tfs\latest\wdio-android-auto2000\tests\helpers\Gestures.ts:58:13)
                    at async Function.checkIfDisplayedWithSwipeUp (G:\tfs\latest\wdio-android-auto2000\tests\helpers\Gestures.ts:58:13)</stack-trace>
            </failure>
        </test-case>
        <test-case start='1700727764184' status='failed' stop='1700727945221'>
            <name>TDA-855 - Sebagai Customer, saya dapat melakukan pembelian new car dengan menggunakan fitur instant checkout dengan metode pembayaran tunai dan opsi pembayaran virtual account - @lcsmoehr0020 @uat @sit</name>
            <title>TDA-855 - Sebagai Customer, saya dapat melakukan pembelian new car dengan menggunakan fitur instant checkout dengan metode pembayaran tunai dan opsi pembayaran virtual account - @lcsmoehr0020 @uat @sit</title>
            <labels>
                <label name='language' value='javascript'/>
                <label name='framework' value='wdio'/>
                <label name='thread' value='0-0'/>
            </labels>
            <parameters>
                <parameter kind='argument' name='device' value='fed63b7c 13-13'/>
            </parameters>
            <steps/>
            <attachments>
                <attachment title='Screenshot' source='1369e5bd-ada5-4a19-867a-4c23b3b79a69-attachment.png' type='image/png' size='558486'/>
            </attachments>
            <failure>
                <message>CompoundError: One or more errors occurred. ---
                
                    Error: element ("android=text("SKIP")") still not displayed after 90000ms
                        at async WelcomeScreen.tapTxtSkip (G:\tfs\latest\wdio-android-auto2000\tests\screenobjects\welcome.screen.ts:20:9)
                        at async BaseScreen.verifyHomepageUAT (G:\tfs\latest\wdio-android-auto2000\tests\screenobjects\base.screenobject.ts:48:9)
                        at async UserContext.&lt;anonymous> (G:\tfs\latest\wdio-android-auto2000\tests\scenarios\SectionKategori\MobilBaru\app.orderNewCarPembayaranTunai.ts:14:9)
                --- End of stack trace ---
                
                    Error: Can't call click on element with selector "~btn-ocrUploader-pickImage" because element wasn't found
                        at async orderMobilbaru.btnOcr (G:\tfs\latest\wdio-android-auto2000\tests\screenobjects\mobilbaruOrderCar.ts:117:9)
                        at async UserContext.&lt;anonymous> (G:\tfs\latest\wdio-android-auto2000\tests\scenarios\SectionKategori\MobilBaru\app.orderNewCarPembayaranTunai.ts:27:9)
                --- End of stack trace ---
                </message>
                <stack-trace>Error: CompoundError: One or more errors occurred. ---
                
                    Error: element ("android=text("SKIP")") still not displayed after 90000ms
                        at async WelcomeScreen.tapTxtSkip (G:\tfs\latest\wdio-android-auto2000\tests\screenobjects\welcome.screen.ts:20:9)
                        at async BaseScreen.verifyHomepageUAT (G:\tfs\latest\wdio-android-auto2000\tests\screenobjects\base.screenobject.ts:48:9)
                        at async UserContext.&lt;anonymous> (G:\tfs\latest\wdio-android-auto2000\tests\scenarios\SectionKategori\MobilBaru\app.orderNewCarPembayaranTunai.ts:14:9)
                --- End of stack trace ---
                
                    Error: Can't call click on element with selector "~btn-ocrUploader-pickImage" because element wasn't found
                        at async orderMobilbaru.btnOcr (G:\tfs\latest\wdio-android-auto2000\tests\screenobjects\mobilbaruOrderCar.ts:117:9)
                        at async UserContext.&lt;anonymous> (G:\tfs\latest\wdio-android-auto2000\tests\scenarios\SectionKategori\MobilBaru\app.orderNewCarPembayaranTunai.ts:27:9)
                --- End of stack trace ---
                
                    at getErrorFromFailedTest (G:\tfs\latest\wdio-android-auto2000\node_modules\@wdio\allure-reporter\build\utils.js:82:60)
                    at AllureReporter.onTestFail (G:\tfs\latest\wdio-android-auto2000\node_modules\@wdio\allure-reporter\build\index.js:253:73)
                    at AllureReporter.&lt;anonymous> (G:\tfs\latest\wdio-android-auto2000\node_modules\@wdio\reporter\build\index.js:121:18)
                    at AllureReporter.emit (node:events:513:28)
                    at AllureReporter.emit (node:domain:489:12)
                    at G:\tfs\latest\wdio-android-auto2000\node_modules\@wdio\runner\build\reporter.js:36:56
                    at Array.forEach (&lt;anonymous>)
                    at BaseReporter.emit (G:\tfs\latest\wdio-android-auto2000\node_modules\@wdio\runner\build\reporter.js:36:25)
                    at JasmineReporter.emit (G:\tfs\latest\wdio-android-auto2000\node_modules\@wdio\jasmine-framework\build\reporter.js:152:24)
                    at JasmineReporter.specDone (G:\tfs\latest\wdio-android-auto2000\node_modules\@wdio\jasmine-framework\build\reporter.js:85:14)</stack-trace>
            </failure>
        </test-case>
    </test-cases>
</ns2:test-suite>