<?xml version='1.0'?>
<ns2:test-suite xmlns:ns2='urn:model.allure.qatools.yandex.ru' start='1671501107704' stop='1671501212845'>
    <name>Sebagai customer, Saya dapat login dengan akun email yang sudah terdaftar</name>
    <title>Sebagai customer, Saya dapat login dengan akun email yang sudah terdaftar</title>
    <test-cases>
        <test-case start='1671501107705' status='failed' stop='1671501167723'>
            <name>as user i can see screen login</name>
            <title>as user i can see screen login</title>
            <labels>
                <label name='language' value='javascript'/>
                <label name='framework' value='wdio'/>
                <label name='thread' value='0-0'/>
            </labels>
            <parameters>
                <parameter kind='argument' name='device' value='2e965e4f 12-12'/>
            </parameters>
            <steps/>
            <attachments/>
            <failure>
                <message>Error: Timeout - Async function did not complete within 60000ms (set by jasmine.DEFAULT_TIMEOUT_INTERVAL)</message>
                <stack-trace>Error: Timeout - Async function did not complete within 60000ms (set by jasmine.DEFAULT_TIMEOUT_INTERVAL)
                    at &lt;Jasmine>
                    at listOnTimeout (node:internal/timers:564:17)
                    at processTimers (node:internal/timers:507:7)</stack-trace>
            </failure>
        </test-case>
        <test-case start='1671501167725' status='failed' stop='1671501212844'>
            <name>Sebagai customer, Saya dapat login dengan akun email yang sudah terdaftar</name>
            <title>Sebagai customer, Saya dapat login dengan akun email yang sudah terdaftar</title>
            <labels>
                <label name='language' value='javascript'/>
                <label name='framework' value='wdio'/>
                <label name='thread' value='0-0'/>
            </labels>
            <parameters>
                <parameter kind='argument' name='device' value='2e965e4f 12-12'/>
            </parameters>
            <steps/>
            <attachments/>
            <failure>
                <message>Error: Can't call setValue on element with selector "~txt-email" because element wasn't found</message>
                <stack-trace>Error: Can't call setValue on element with selector "~txt-email" because element wasn't found
                    at async FormLogin.inputEmail (C:\Users\ASUS\Downloads\wdio-android-digiroom\wdio-android-digiroom\tests\screenobjects\login.screen.ts:39:9)
                    at async UserContext.&lt;anonymous> (C:\Users\ASUS\Downloads\wdio-android-digiroom\wdio-android-digiroom\tests\scenarios\app.tda723.ts:20:9)</stack-trace>
            </failure>
        </test-case>
    </test-cases>
</ns2:test-suite>