<?xml version='1.0'?>
<ns2:test-suite xmlns:ns2='urn:model.allure.qatools.yandex.ru' start='1701654338537' stop='1701654577064'>
    <name>TDA-857 - Test Drive</name>
    <title>TDA-857 - Test Drive</title>
    <test-cases>
        <test-case start='1701654338538' status='passed' stop='1701654359212'>
            <name>"before all" hook</name>
            <title>"before all" hook</title>
            <labels>
                <label name='language' value='javascript'/>
                <label name='framework' value='wdio'/>
                <label name='thread' value='0-0'/>
            </labels>
            <parameters>
                <parameter kind='argument' name='device' value='fed63b7c 13-13'/>
            </parameters>
            <steps/>
            <attachments/>
        </test-case>
        <test-case start='1701654359215' status='failed' stop='1701654486325'>
            <name>TDA-304 - Sebagai customer, saya dapat booking test drive pada cabang terdekat @sit @uat</name>
            <title>TDA-304 - Sebagai customer, saya dapat booking test drive pada cabang terdekat @sit @uat</title>
            <labels>
                <label name='language' value='javascript'/>
                <label name='framework' value='wdio'/>
                <label name='thread' value='0-0'/>
            </labels>
            <parameters>
                <parameter kind='argument' name='device' value='fed63b7c 13-13'/>
            </parameters>
            <steps/>
            <attachments>
                <attachment title='Screenshot' source='9b3f3a9f-0d29-4fb5-b19d-414faee055f6-attachment.png' type='image/png' size='449963'/>
            </attachments>
            <failure>
                <message>Error: element ("android=text("All New Avanza")") still not displayed after 90000ms</message>
                <stack-trace>Error: element ("android=text("All New Avanza")") still not displayed after 90000ms
                    at async kategoriKuponService.doPilihMobil (G:\tfs\latest\wdio-android-auto2000\tests\screenobjects\kategori.testdrive.screen.ts:116:9)
                    at async UserContext.&lt;anonymous> (G:\tfs\latest\wdio-android-auto2000\tests\scenarios\SectionKategori\TestDrive\app.E2eTestDriveCabang.ts:16:9)</stack-trace>
            </failure>
        </test-case>
        <test-case start='1701654486327' status='failed' stop='1701654577062'>
            <name>TDA-78 - Sebagai User, saya dapat mengisi form Submit Test Drive tanpa di dahului login, kemudian Login menggunakan Email @sit @uat</name>
            <title>TDA-78 - Sebagai User, saya dapat mengisi form Submit Test Drive tanpa di dahului login, kemudian Login menggunakan Email @sit @uat</title>
            <labels>
                <label name='language' value='javascript'/>
                <label name='framework' value='wdio'/>
                <label name='thread' value='0-0'/>
            </labels>
            <parameters>
                <parameter kind='argument' name='device' value='fed63b7c 13-13'/>
            </parameters>
            <steps/>
            <attachments>
                <attachment title='Screenshot' source='f625269b-5dbc-41d6-a9e1-05b7b568ebdb-attachment.png' type='image/png' size='450455'/>
            </attachments>
            <failure>
                <message>Error: Can't call click on element with selector "~btn-account" because element wasn't found</message>
                <stack-trace>Error: Can't call click on element with selector "~btn-account" because element wasn't found
                    at async HomeScreen.tapBtnAccount (G:\tfs\latest\wdio-android-auto2000\tests\screenobjects\home.screen.ts:64:9)
                    at async BaseScreen.actionLoginWithEmail (G:\tfs\latest\wdio-android-auto2000\tests\screenobjects\base.screenobject.ts:64:9)
                    at async UserContext.&lt;anonymous> (G:\tfs\latest\wdio-android-auto2000\tests\scenarios\SectionKategori\TestDrive\app.E2eTestDriveCabang.ts:21:9)</stack-trace>
            </failure>
        </test-case>
    </test-cases>
</ns2:test-suite>