<?xml version='1.0'?>
<ns2:test-suite xmlns:ns2='urn:model.allure.qatools.yandex.ru' start='1700712579007' stop='1700712952869'>
    <name>Login OTP</name>
    <title>Login OTP</title>
    <test-cases>
        <test-case start='1700712579008' status='failed' stop='1700712766058'>
            <name>@TDA-1283 - Sebagai User, Saya Tidak Dapat Melakukan Login Menggunakan OTP SMS yang Salah @sit @uat</name>
            <title>@TDA-1283 - Sebagai User, Saya Tidak Dapat Melakukan Login Menggunakan OTP SMS yang Salah @sit @uat</title>
            <labels>
                <label name='language' value='javascript'/>
                <label name='framework' value='wdio'/>
                <label name='thread' value='0-0'/>
            </labels>
            <parameters>
                <parameter kind='argument' name='device' value='fed63b7c 13-13'/>
            </parameters>
            <steps/>
            <attachments>
                <attachment title='Screenshot' source='fa12eee6-743c-4dd9-9525-5f42c3ef3719-attachment.png' type='image/png' size='307250'/>
            </attachments>
            <failure>
                <message>CompoundError: One or more errors occurred. ---
                
                    Error: element ("android=resourceId("com.android.permissioncontroller:id/permission_allow_foreground_only_button")") still not displayed after 90000ms
                        at async BaseScreen.verifyHomepageNonSticky (G:\tfs\latest\wdio-android-auto2000\tests\screenobjects\base.screenobject.ts:40:9)
                        at async UserContext.&lt;anonymous> (G:\tfs\latest\wdio-android-auto2000\tests\scenarios\Login\Profile\app.loginInvalidOTP.ts:9:9)
                --- End of stack trace ---
                
                    Error: Can't call click on element with selector "~btn-account" because element wasn't found
                        at async HomeScreen.tapBtnAccount (G:\tfs\latest\wdio-android-auto2000\tests\screenobjects\home.screen.ts:64:9)
                        at async UserContext.&lt;anonymous> (G:\tfs\latest\wdio-android-auto2000\tests\scenarios\Login\Profile\app.loginInvalidOTP.ts:13:9)
                --- End of stack trace ---
                </message>
                <stack-trace>Error: CompoundError: One or more errors occurred. ---
                
                    Error: element ("android=resourceId("com.android.permissioncontroller:id/permission_allow_foreground_only_button")") still not displayed after 90000ms
                        at async BaseScreen.verifyHomepageNonSticky (G:\tfs\latest\wdio-android-auto2000\tests\screenobjects\base.screenobject.ts:40:9)
                        at async UserContext.&lt;anonymous> (G:\tfs\latest\wdio-android-auto2000\tests\scenarios\Login\Profile\app.loginInvalidOTP.ts:9:9)
                --- End of stack trace ---
                
                    Error: Can't call click on element with selector "~btn-account" because element wasn't found
                        at async HomeScreen.tapBtnAccount (G:\tfs\latest\wdio-android-auto2000\tests\screenobjects\home.screen.ts:64:9)
                        at async UserContext.&lt;anonymous> (G:\tfs\latest\wdio-android-auto2000\tests\scenarios\Login\Profile\app.loginInvalidOTP.ts:13:9)
                --- End of stack trace ---
                
                    at getErrorFromFailedTest (G:\tfs\latest\wdio-android-auto2000\node_modules\@wdio\allure-reporter\build\utils.js:82:60)
                    at AllureReporter.onTestFail (G:\tfs\latest\wdio-android-auto2000\node_modules\@wdio\allure-reporter\build\index.js:253:73)
                    at AllureReporter.&lt;anonymous> (G:\tfs\latest\wdio-android-auto2000\node_modules\@wdio\reporter\build\index.js:121:18)
                    at AllureReporter.emit (node:events:513:28)
                    at AllureReporter.emit (node:domain:489:12)
                    at G:\tfs\latest\wdio-android-auto2000\node_modules\@wdio\runner\build\reporter.js:36:56
                    at Array.forEach (&lt;anonymous>)
                    at BaseReporter.emit (G:\tfs\latest\wdio-android-auto2000\node_modules\@wdio\runner\build\reporter.js:36:25)
                    at JasmineReporter.emit (G:\tfs\latest\wdio-android-auto2000\node_modules\@wdio\jasmine-framework\build\reporter.js:152:24)
                    at JasmineReporter.specDone (G:\tfs\latest\wdio-android-auto2000\node_modules\@wdio\jasmine-framework\build\reporter.js:85:14)</stack-trace>
            </failure>
        </test-case>
        <test-case start='1700712766064' status='failed' stop='1700712952867'>
            <name>@TDA-1282 - Sebagai User, Saya Tidak Dapat Melakukan Login Menggunakan OTP Whatsapp yang Salah @sit @uat</name>
            <title>@TDA-1282 - Sebagai User, Saya Tidak Dapat Melakukan Login Menggunakan OTP Whatsapp yang Salah @sit @uat</title>
            <labels>
                <label name='language' value='javascript'/>
                <label name='framework' value='wdio'/>
                <label name='thread' value='0-0'/>
            </labels>
            <parameters>
                <parameter kind='argument' name='device' value='fed63b7c 13-13'/>
            </parameters>
            <steps/>
            <attachments>
                <attachment title='Screenshot' source='42391409-08fc-4629-b736-c1a7a3d62a9a-attachment.png' type='image/png' size='15580'/>
            </attachments>
            <failure>
                <message>CompoundError: One or more errors occurred. ---
                
                    Error: element ("android=resourceId("com.android.permissioncontroller:id/permission_allow_foreground_only_button")") still not displayed after 90000ms
                        at async BaseScreen.verifyHomepageNonSticky (G:\tfs\latest\wdio-android-auto2000\tests\screenobjects\base.screenobject.ts:40:9)
                        at async UserContext.&lt;anonymous> (G:\tfs\latest\wdio-android-auto2000\tests\scenarios\Login\Profile\app.loginInvalidOTP.ts:9:9)
                --- End of stack trace ---
                
                    Error: Can't call click on element with selector "~btn-account" because element wasn't found
                        at async HomeScreen.tapBtnAccount (G:\tfs\latest\wdio-android-auto2000\tests\screenobjects\home.screen.ts:64:9)
                        at async UserContext.&lt;anonymous> (G:\tfs\latest\wdio-android-auto2000\tests\scenarios\Login\Profile\app.loginInvalidOTP.ts:21:9)
                --- End of stack trace ---
                </message>
                <stack-trace>Error: CompoundError: One or more errors occurred. ---
                
                    Error: element ("android=resourceId("com.android.permissioncontroller:id/permission_allow_foreground_only_button")") still not displayed after 90000ms
                        at async BaseScreen.verifyHomepageNonSticky (G:\tfs\latest\wdio-android-auto2000\tests\screenobjects\base.screenobject.ts:40:9)
                        at async UserContext.&lt;anonymous> (G:\tfs\latest\wdio-android-auto2000\tests\scenarios\Login\Profile\app.loginInvalidOTP.ts:9:9)
                --- End of stack trace ---
                
                    Error: Can't call click on element with selector "~btn-account" because element wasn't found
                        at async HomeScreen.tapBtnAccount (G:\tfs\latest\wdio-android-auto2000\tests\screenobjects\home.screen.ts:64:9)
                        at async UserContext.&lt;anonymous> (G:\tfs\latest\wdio-android-auto2000\tests\scenarios\Login\Profile\app.loginInvalidOTP.ts:21:9)
                --- End of stack trace ---
                
                    at getErrorFromFailedTest (G:\tfs\latest\wdio-android-auto2000\node_modules\@wdio\allure-reporter\build\utils.js:82:60)
                    at AllureReporter.onTestFail (G:\tfs\latest\wdio-android-auto2000\node_modules\@wdio\allure-reporter\build\index.js:253:73)
                    at AllureReporter.&lt;anonymous> (G:\tfs\latest\wdio-android-auto2000\node_modules\@wdio\reporter\build\index.js:121:18)
                    at AllureReporter.emit (node:events:513:28)
                    at AllureReporter.emit (node:domain:489:12)
                    at G:\tfs\latest\wdio-android-auto2000\node_modules\@wdio\runner\build\reporter.js:36:56
                    at Array.forEach (&lt;anonymous>)
                    at BaseReporter.emit (G:\tfs\latest\wdio-android-auto2000\node_modules\@wdio\runner\build\reporter.js:36:25)
                    at JasmineReporter.emit (G:\tfs\latest\wdio-android-auto2000\node_modules\@wdio\jasmine-framework\build\reporter.js:152:24)
                    at JasmineReporter.specDone (G:\tfs\latest\wdio-android-auto2000\node_modules\@wdio\jasmine-framework\build\reporter.js:85:14)</stack-trace>
            </failure>
        </test-case>
    </test-cases>
</ns2:test-suite>